G=1 of 19; attempts=0
         H=3
    S=17     I=19
R=18     B=7     J=16
    G=1     C=2
Q=11     A=5     K=12
    F=6     D=4
P=9     E=8     L=10
    O=14     M=13
         N=15
         H=9
    S=11     I=14
R=18     B=6     J=15
    G=1     C=8
Q=17     A=5     K=13
    F=7     D=4
P=3     E=2     L=10
    O=19     M=12
         N=16
G=2 of 19; attempts=13366080
         H=3
    S=19     I=17
R=16     B=7     J=18
    G=2     C=1
Q=12     A=5     K=11
    F=4     D=6
P=10     E=8     L=9
    O=13     M=14
         N=15
         H=10
    S=12     I=13
R=16     B=4     J=15
    G=2     C=8
Q=19     A=5     K=14
    F=7     D=6
P=3     E=1     L=9
    O=17     M=11
         N=18
G=3 of 19; attempts=26732160
G=4 of 19; attempts=40098240
         H=15
    S=13     I=14
R=10     B=8     J=9
    G=4     C=6
Q=12     A=5     K=11
    F=2     D=1
P=16     E=7     L=18
    O=19     M=17
         N=3
         H=16
    S=12     I=19
R=10     B=2     J=3
    G=4     C=7
Q=13     A=5     K=17
    F=8     D=1
P=15     E=6     L=18
    O=14     M=11
         N=9
G=5 of 19; attempts=53464320
G=6 of 19; attempts=66830400
         H=15
    S=14     I=13
R=9     B=8     J=10
    G=6     C=4
Q=11     A=5     K=12
    F=1     D=2
P=18     E=7     L=16
    O=17     M=19
         N=3
         H=18
    S=11     I=17
R=9     B=1     J=3
    G=6     C=7
Q=14     A=5     K=19
    F=8     D=2
P=15     E=4     L=16
    O=13     M=12
         N=10
G=7 of 19; attempts=80196480
         H=16
    S=19     I=12
R=3     B=2     J=10
    G=7     C=4
Q=17     A=5     K=13
    F=1     D=8
P=18     E=6     L=15
    O=11     M=14
         N=9
         H=18
    S=17     I=11
R=3     B=1     J=9
    G=7     C=6
Q=19     A=5     K=14
    F=2     D=8
P=16     E=4     L=15
    O=12     M=13
         N=10
G=8 of 19; attempts=93562560
         H=9
    S=14     I=11
R=15     B=6     J=18
    G=8     C=1
Q=13     A=5     K=17
    F=4     D=7
P=10     E=2     L=3
    O=12     M=19
         N=16
         H=10
    S=13     I=12
R=15     B=4     J=16
    G=8     C=2
Q=14     A=5     K=19
    F=6     D=7
P=9     E=1     L=3
    O=11     M=17
         N=18
G=9 of 19; attempts=106928640
G=10 of 19; attempts=120294720
G=11 of 19; attempts=133660800
G=12 of 19; attempts=147026880
G=13 of 19; attempts=160392960
G=14 of 19; attempts=173759040
G=15 of 19; attempts=187125120
G=16 of 19; attempts=200491200
G=17 of 19; attempts=213857280
G=18 of 19; attempts=227223360
G=19 of 19; attempts=240589440
attempts: 253955520; solutions: 12
Elapsed time: 9842
